<?xml version="1.0" encoding="UTF-8"?>
<!-- Generated by org.testng.reporters.JUnitReportReporter -->
<testsuite hostname="VW_PC_George" name="Test.TestFormulario" tests="1" failures="0" timestamp="25 Jan 2020 22:58:33 GMT" time="19.128" errors="0">
  <testcase name="RegistrarFormulario" time="19.128" classname="Test.TestFormulario"/>
</testsuite> <!-- Test.TestFormulario -->
